<?xml version="1.0" encoding="UTF-8"?>
<!-- Generated by org.testng.reporters.JUnitReportReporter -->
<testsuite hostname="paras" name="jbkoffline.com.testes" tests="2" failures="0" timestamp="25 Feb 2019 12:38:09 GMT" time="0.050" errors="0">
  <testcase name="Verify_URL" time="0.029" classname="jbkoffline.com.testes"/>
  <testcase name="Verify_Title" time="0.021" classname="jbkoffline.com.testes"/>
</testsuite> <!-- jbkoffline.com.testes -->
